<?xml version="1.0" encoding="UTF-8" ?>
<testsuite errors="0" failures="0" hostname="peter-pc" name="MyTests" skipped="0" tests="10" time="0.773" timestamp="2020-10-06T11:38:27">
  <properties>
[...]
</properties>
  <testcase classname="MyTests" name="exampleData" time="0.023" />
  <testcase classname="MyTests" name="oneDeltaTenDays" time="0.042" />
  <testcase classname="MyTests" name="oneDeltaOneDay" time="0.011" />
  <testcase classname="MyTests" name="emptyFile" time="0.001" />
  <testcase classname="MyTests" name="onePuffancsTenDays" time="0.0" />
  <testcase classname="MyTests" name="noSuchFile" time="0.0" />
  <testcase classname="MyTests" name="oneParaOneDay" time="0.013" />
  <testcase classname="MyTests" name="oneParaTenDays" time="0.041" />
  <testcase classname="MyTests" name="onePuffancsOneDay" time="0.019" />
  <testcase classname="MyTests" name="brokenFile" time="0.006" />
  <system-out><![CDATA[0. nap:
sugarzas:nincs
Falank 7
Sudar 5
Kopcos 4
Nyulank 3

1. nap:
sugarzas:nincs
Falank 6
Sudar 4
Kopcos 3
Nyulank 2

2. nap:
sugarzas:nincs
Falank 5
Sudar 3
Kopcos 2
Nyulank 1

3. nap:
sugarzas:alfa
Falank 4
Sudar 2
Kopcos 1

4. nap:
sugarzas:alfa
Falank 6
Kopcos 2

5. nap:
sugarzas:alfa
Falank 8
Kopcos 3

6. nap:
sugarzas:alfa
Falank 10
Kopcos 4

7. nap:
sugarzas:nincs
Kopcos 5

8. nap:
sugarzas:nincs
Kopcos 4

9. nap:
sugarzas:nincs
Kopcos 3

10. nap:
sugarzas:nincs
Kopcos 2
0. nap:
sugarzas:nincs
Delta 5

1. nap:
sugarzas:delta
Delta 4

2. nap:
sugarzas:nincs
Delta 8

3. nap:
sugarzas:nincs
Delta 7

4. nap:
sugarzas:nincs
Delta 6

5. nap:
sugarzas:nincs
Delta 5

6. nap:
sugarzas:delta
Delta 4

7. nap:
sugarzas:nincs
Delta 8

8. nap:
sugarzas:nincs
Delta 7

9. nap:
sugarzas:nincs
Delta 6

10. nap:
sugarzas:nincs
Delta 5
0. nap:
sugarzas:nincs
Delta 5

1. nap:
sugarzas:delta
Delta 4
java.util.NoSuchElementException: No line found
0. nap:
sugarzas:nincs
Para 5

1. nap:
sugarzas:nincs
Para 4
0. nap:
sugarzas:nincs
Para 5

1. nap:
sugarzas:nincs
Para 4

2. nap:
sugarzas:nincs
Para 3

3. nap:
sugarzas:nincs
Para 2

4. nap:
sugarzas:nincs
Para 1

5. nap:
sugarzas:nincs

6. nap:
sugarzas:nincs

7. nap:
sugarzas:nincs

8. nap:
sugarzas:nincs

9. nap:
sugarzas:nincs

10. nap:
sugarzas:nincs
0. nap:
sugarzas:nincs
Puffancs 5

1. nap:
sugarzas:alfa
Puffancs 4
]]></system-out>
  <system-err><![CDATA[]]></system-err>
</testsuite>
